<?xml version="1.0" encoding="UTF-8"?>
<!-- Generated by org.testng.reporters.JUnitReportReporter -->
<testsuite hostname="Ram" failures="0" tests="4" name="testNG.DependsOnMethods" time="0.011" errors="0" timestamp="2022-08-18T15:26:02 IST" skipped="0">
  <testcase classname="testNG.DependsOnMethods" name="mango" time="0.001"/>
  <system-out/>
  <testcase classname="testNG.DependsOnMethods" name="apple" time="0.008"/>
  <system-out/>
  <testcase classname="testNG.DependsOnMethods" name="pineapple" time="0.001"/>
  <system-out/>
  <testcase classname="testNG.DependsOnMethods" name="custardapple" time="0.001"/>
  <system-out/>
</testsuite> <!-- testNG.DependsOnMethods -->
