<?xml version="1.0" encoding="UTF-8"?>
<!-- Generated by org.testng.reporters.JUnitReportReporter -->
<testsuite hostname="Ram" failures="0" tests="1" name="practice.SearchALetter" time="0.011" errors="0" timestamp="2022-08-20T19:58:59 IST" skipped="0">
  <testcase classname="practice.SearchALetter" name="LetterSearching" time="0.011"/>
  <system-out/>
</testsuite> <!-- practice.SearchALetter -->
