<?xml version="1.0" encoding="UTF-8"?>
<!-- Generated by org.testng.reporters.JUnitReportReporter -->
<testsuite hostname="Ram" failures="0" tests="1" name="alert.HandleAlertEnteringValue" time="35.650" errors="0" timestamp="2022-08-17T16:26:54 IST" skipped="0">
  <testcase classname="alert.HandleAlertEnteringValue" name="HandleAlertEnteringValue" time="35.650"/>
  <system-out/>
</testsuite> <!-- alert.HandleAlertEnteringValue -->
