<?xml version="1.0" encoding="UTF-8"?>
<!-- Generated by org.testng.reporters.JUnitReportReporter -->
<testsuite hostname="Ram" failures="0" tests="2" name="testNG.VerifyURL" time="0.019" errors="0" timestamp="2022-08-18T14:43:48 IST" skipped="0">
  <testcase classname="testNG.VerifyURL" name="VerifyTitleofPage" time="0.009"/>
  <system-out/>
  <testcase classname="testNG.VerifyURL" name="VerifyUrlofPage" time="0.010"/>
  <system-out/>
</testsuite> <!-- testNG.VerifyURL -->
