<?xml version="1.0" encoding="UTF-8"?>
<!-- Generated by org.testng.reporters.JUnitReportReporter -->
<testsuite hostname="Ram" failures="0" tests="3" name="testNG.Prioriti" time="0.008" errors="0" timestamp="2022-08-18T14:46:38 IST" skipped="0">
  <testcase classname="testNG.Prioriti" name="pineapple" time="0.008"/>
  <system-out/>
  <testcase classname="testNG.Prioriti" name="custardapple" time="0.000"/>
  <system-out/>
  <testcase classname="testNG.Prioriti" name="apple" time="0.000"/>
  <system-out/>
</testsuite> <!-- testNG.Prioriti -->
