<?xml version="1.0" encoding="UTF-8"?>
<!-- Generated by org.testng.reporters.JUnitReportReporter -->
<testsuite hostname="Ram" failures="0" tests="5" name="testNG.Groups" time="0.002" errors="0" timestamp="2022-08-18T15:22:23 IST" skipped="0">
  <testcase classname="testNG.Groups" name="pineapple" time="0.001"/>
  <system-out/>
  <testcase classname="testNG.Groups" name="custardapple" time="0.000"/>
  <system-out/>
  <testcase classname="testNG.Groups" name="banana" time="0.001"/>
  <system-out/>
  <testcase classname="testNG.Groups" name="mango" time="0.000"/>
  <system-out/>
  <testcase classname="testNG.Groups" name="apple" time="0.000"/>
  <system-out/>
</testsuite> <!-- testNG.Groups -->
