<?xml version="1.0" encoding="UTF-8"?>
<!-- Generated by org.testng.reporters.JUnitReportReporter -->
<testsuite hostname="Ram" failures="0" tests="1" name="alert.AcceptCancel" time="62.058" errors="0" timestamp="2022-08-17T16:19:07 IST" skipped="0">
  <testcase classname="alert.AcceptCancel" name="accept" time="62.058"/>
  <system-out/>
</testsuite> <!-- alert.AcceptCancel -->
