<?xml version="1.0" encoding="UTF-8"?>
<!-- Generated by org.testng.reporters.JUnitReportReporter -->
<testsuite hostname="Ram" failures="0" tests="1" name="testNG.Assertions1" time="0.006" errors="0" timestamp="2022-08-18T14:39:39 IST" skipped="0">
  <testcase classname="testNG.Assertions1" name="f" time="0.006"/>
  <system-out/>
</testsuite> <!-- testNG.Assertions1 -->
