<?xml version="1.0" encoding="UTF-8"?>
<!-- Generated by org.testng.reporters.JUnitReportReporter -->
<testsuite hostname="Ram" failures="0" tests="1" name="assertions.AssertTrue" time="21.373" errors="0" timestamp="2022-08-18T19:21:18 IST" skipped="0">
  <testcase classname="assertions.AssertTrue" name="AssertTrue" time="21.373"/>
  <system-out/>
</testsuite> <!-- assertions.AssertTrue -->
