<?xml version="1.0" encoding="UTF-8"?>
<!-- Generated by org.testng.reporters.JUnitReportReporter -->
<testsuite hostname="Ram" failures="0" tests="1" name="actionsClass.DragAround" time="6.383" errors="0" timestamp="2022-08-17T15:44:26 IST" skipped="0">
  <testcase classname="actionsClass.DragAround" name="f" time="6.383"/>
  <system-out/>
</testsuite> <!-- actionsClass.DragAround -->
