<?xml version="1.0" encoding="UTF-8"?>
<!-- Generated by org.testng.reporters.JUnitReportReporter -->
<testsuite hostname="Ram" failures="0" tests="1" name="Popups.FileUploadPopup" time="76.363" errors="0" timestamp="2022-09-10T15:32:13 IST" skipped="0">
  <testcase classname="Popups.FileUploadPopup" name="homepage" time="76.363"/>
  <system-out/>
</testsuite> <!-- Popups.FileUploadPopup -->
