<?xml version="1.0" encoding="UTF-8"?>
<!-- Generated by org.testng.reporters.JUnitReportReporter -->
<testsuite hostname="Ram" failures="0" tests="1" name="alert.InstantAlert" time="17.880" errors="0" timestamp="2022-08-17T16:30:07 IST" skipped="0">
  <testcase classname="alert.InstantAlert" name="alert" time="17.880"/>
  <system-out/>
</testsuite> <!-- alert.InstantAlert -->
