<?xml version="1.0" encoding="UTF-8"?>
<!-- Generated by org.testng.reporters.JUnitReportReporter -->
<testsuite hostname="Ram" failures="0" tests="3" name="testNG.Discription" time="0.008" errors="0" timestamp="2022-08-18T14:53:52 IST" skipped="0">
  <testcase classname="testNG.Discription" name="apple" time="0.007"/>
  <system-out/>
  <testcase classname="testNG.Discription" name="pineapple" time="0.000"/>
  <system-out/>
  <testcase classname="testNG.Discription" name="custardapple" time="0.001"/>
  <system-out/>
</testsuite> <!-- testNG.Discription -->
