<?xml version="1.0" encoding="UTF-8"?>
<!-- Generated by org.testng.reporters.JUnitReportReporter -->
<testsuite hostname="Ram" failures="0" tests="1" name="assertions.AssertNotEqual" time="13.878" errors="0" timestamp="2022-08-18T19:09:35 IST" skipped="0">
  <testcase classname="assertions.AssertNotEqual" name="AssertnotEqual" time="13.878"/>
  <system-out/>
</testsuite> <!-- assertions.AssertNotEqual -->
