<?xml version="1.0" encoding="UTF-8"?>
<!-- Generated by org.testng.reporters.JUnitReportReporter -->
<testsuite hostname="Ram" failures="0" tests="22" name="testNG.InvocationCount" time="0.021" errors="0" timestamp="2022-08-18T14:55:50 IST" skipped="0">
  <testcase classname="testNG.InvocationCount" name="apple" time="0.008"/>
  <system-out/>
  <testcase classname="testNG.InvocationCount" name="pineapple" time="0.001"/>
  <system-out/>
  <testcase classname="testNG.InvocationCount" name="pineapple" time="0.000"/>
  <system-out/>
  <testcase classname="testNG.InvocationCount" name="pineapple" time="0.001"/>
  <system-out/>
  <testcase classname="testNG.InvocationCount" name="pineapple" time="0.000"/>
  <system-out/>
  <testcase classname="testNG.InvocationCount" name="pineapple" time="0.001"/>
  <system-out/>
  <testcase classname="testNG.InvocationCount" name="pineapple" time="0.001"/>
  <system-out/>
  <testcase classname="testNG.InvocationCount" name="pineapple" time="0.001"/>
  <system-out/>
  <testcase classname="testNG.InvocationCount" name="pineapple" time="0.001"/>
  <system-out/>
  <testcase classname="testNG.InvocationCount" name="pineapple" time="0.000"/>
  <system-out/>
  <testcase classname="testNG.InvocationCount" name="pineapple" time="0.000"/>
  <system-out/>
  <testcase classname="testNG.InvocationCount" name="pineapple" time="0.001"/>
  <system-out/>
  <testcase classname="testNG.InvocationCount" name="pineapple" time="0.000"/>
  <system-out/>
  <testcase classname="testNG.InvocationCount" name="pineapple" time="0.000"/>
  <system-out/>
  <testcase classname="testNG.InvocationCount" name="pineapple" time="0.000"/>
  <system-out/>
  <testcase classname="testNG.InvocationCount" name="pineapple" time="0.001"/>
  <system-out/>
  <testcase classname="testNG.InvocationCount" name="pineapple" time="0.001"/>
  <system-out/>
  <testcase classname="testNG.InvocationCount" name="pineapple" time="0.001"/>
  <system-out/>
  <testcase classname="testNG.InvocationCount" name="pineapple" time="0.000"/>
  <system-out/>
  <testcase classname="testNG.InvocationCount" name="pineapple" time="0.001"/>
  <system-out/>
  <testcase classname="testNG.InvocationCount" name="pineapple" time="0.001"/>
  <system-out/>
  <testcase classname="testNG.InvocationCount" name="custardapple" time="0.001"/>
  <system-out/>
</testsuite> <!-- testNG.InvocationCount -->
