<?xml version="1.0" encoding="UTF-8"?>
<!-- Generated by org.testng.reporters.JUnitReportReporter -->
<testsuite hostname="Ram" failures="0" tests="1" name="alert.SimpleAlert" time="38.857" errors="0" timestamp="2022-08-17T16:09:07 IST" skipped="0">
  <testcase classname="alert.SimpleAlert" name="f" time="38.857"/>
  <system-out/>
</testsuite> <!-- alert.SimpleAlert -->
