<?xml version="1.0" encoding="UTF-8"?>
<!-- Generated by org.testng.reporters.JUnitReportReporter -->
<testsuite hostname="Ram" failures="0" tests="1" name="listeners.listener" time="0.001" errors="0" timestamp="2022-08-18T20:46:03 IST" skipped="0">
  <testcase classname="listeners.listener" name="f" time="0.001"/>
  <system-out/>
</testsuite> <!-- listeners.listener -->
