<?xml version="1.0" encoding="UTF-8"?>
<!-- Generated by org.testng.reporters.JUnitReportReporter -->
<testsuite hostname="Ram" failures="0" tests="1" name="actionsClass.DoubleClick" time="13.169" errors="0" timestamp="2022-08-17T15:18:40 IST" skipped="0">
  <testcase classname="actionsClass.DoubleClick" name="doubleClick" time="13.169"/>
  <system-out/>
</testsuite> <!-- actionsClass.DoubleClick -->
