<?xml version="1.0" encoding="UTF-8"?>
<!-- Generated by org.testng.reporters.JUnitReportReporter -->
<testsuite hostname="Ram" failures="0" tests="1" name="alert.FiveSecAlert" time="17.484" errors="0" timestamp="2022-08-17T21:04:05 IST" skipped="0">
  <testcase classname="alert.FiveSecAlert" name="HandleAlertEnteringValue" time="17.484"/>
  <system-out/>
</testsuite> <!-- alert.FiveSecAlert -->
