<?xml version="1.0" encoding="UTF-8"?>
<!-- Generated by org.testng.reporters.JUnitReportReporter -->
<testsuite hostname="Ram" failures="0" tests="1" name="testNG.Assertions" time="0.011" errors="0" timestamp="2022-08-18T12:35:28 IST" skipped="0">
  <testcase classname="testNG.Assertions" name="f" time="0.011"/>
  <system-out/>
</testsuite> <!-- testNG.Assertions -->
