<?xml version="1.0" encoding="UTF-8"?>
<!-- Generated by org.testng.reporters.JUnitReportReporter -->
<testsuite hostname="Ram" failures="0" tests="3" name="testNG.Enable" time="0.007" errors="0" timestamp="2022-08-18T14:54:49 IST" skipped="1">
  <testcase classname="testNG.Enable" name="apple" time="0.007"/>
  <system-out/>
  <testcase classname="testNG.Enable" name="custardapple" time="0.000"/>
  <system-out/>
  <testcase classname="testNG.Enable" name="pineapple">
    <skipped/>
  </testcase> <!-- pineapple -->
  <system-out/>
</testsuite> <!-- testNG.Enable -->
