<?xml version="1.0" encoding="UTF-8"?>
<!-- Generated by org.testng.reporters.JUnitReportReporter -->
<testsuite hostname="Ram" failures="0" tests="1" name="practice.SortNumbers" time="0.009" errors="0" timestamp="2022-08-20T19:55:50 IST" skipped="0">
  <testcase classname="practice.SortNumbers" name="sorting" time="0.009"/>
  <system-out/>
</testsuite> <!-- practice.SortNumbers -->
