<?xml version="1.0" encoding="UTF-8"?>
<!-- Generated by org.testng.reporters.JUnitReportReporter -->
<testsuite hostname="Ram" failures="0" tests="1" name="actionsClass.Slider" time="9.463" errors="0" timestamp="2022-08-17T15:59:53 IST" skipped="0">
  <testcase classname="actionsClass.Slider" name="slider" time="9.463"/>
  <system-out/>
</testsuite> <!-- actionsClass.Slider -->
