<?xml version="1.0" encoding="UTF-8"?>
<!-- Generated by org.testng.reporters.JUnitReportReporter -->
<testsuite hostname="Ram" failures="0" tests="1" name="UITesting.Iframe" time="36.439" errors="0" timestamp="2022-08-16T13:19:57 IST" skipped="0">
  <testcase classname="UITesting.Iframe" name="homepage" time="36.439"/>
  <system-out/>
</testsuite> <!-- UITesting.Iframe -->
