<?xml version="1.0" encoding="UTF-8"?>
<!-- Generated by org.testng.reporters.JUnitReportReporter -->
<testsuite hostname="Ram" failures="0" tests="3" name="testNG.AlphaPriority" time="0.009" errors="0" timestamp="2022-08-18T14:45:41 IST" skipped="0">
  <testcase classname="testNG.AlphaPriority" name="apple" time="0.007"/>
  <system-out/>
  <testcase classname="testNG.AlphaPriority" name="pineapple" time="0.001"/>
  <system-out/>
  <testcase classname="testNG.AlphaPriority" name="custardapple" time="0.001"/>
  <system-out/>
</testsuite> <!-- testNG.AlphaPriority -->
