<?xml version="1.0" encoding="UTF-8"?>
<!-- Generated by org.testng.reporters.JUnitReportReporter -->
<testsuite hostname="Ram" failures="0" tests="1" name="UITesting.DropandDrag" time="51.141" errors="0" timestamp="2022-08-16T13:19:57 IST" skipped="0">
  <testcase classname="UITesting.DropandDrag" name="Dropdrag" time="51.141"/>
  <system-out/>
</testsuite> <!-- UITesting.DropandDrag -->
