<?xml version="1.0" encoding="UTF-8"?>
<!-- Generated by org.testng.reporters.JUnitReportReporter -->
<testsuite hostname="Ram" failures="0" tests="1" name="practice.LeapYear" time="2.427" errors="0" timestamp="2022-08-20T20:11:30 IST" skipped="0">
  <testcase classname="practice.LeapYear" name="LeapYear" time="2.427"/>
  <system-out/>
</testsuite> <!-- practice.LeapYear -->
