<?xml version="1.0" encoding="UTF-8"?>
<!-- Generated by org.testng.reporters.JUnitReportReporter -->
<testsuite hostname="Ram" failures="0" tests="1" name="windowHandling.GetwindowHandle" time="15.611" errors="0" timestamp="2022-08-17T21:41:24 IST" skipped="0">
  <testcase classname="windowHandling.GetwindowHandle" name="HandleAlertEnteringValue" time="15.611"/>
  <system-out/>
</testsuite> <!-- windowHandling.GetwindowHandle -->
