<?xml version="1.0" encoding="UTF-8"?>
<!-- Generated by org.testng.reporters.JUnitReportReporter -->
<testsuite hostname="Ram" failures="0" tests="1" name="Module1_Login_Test.KiteLoginTest" time="1.504" errors="0" timestamp="2022-08-17T11:55:28 IST" skipped="0">
  <testcase classname="Module1_Login_Test.KiteLoginTest" name="verifyUserID" time="1.504"/>
  <system-out/>
</testsuite> <!-- Module1_Login_Test.KiteLoginTest -->
