<?xml version="1.0" encoding="UTF-8"?>
<!-- Generated by org.testng.reporters.JUnitReportReporter -->
<testsuite hostname="Ram" failures="0" tests="3" name="groups.DependsOnMethods" time="0.003" errors="0" timestamp="2022-09-13T22:56:42 IST" skipped="0">
  <testcase classname="groups.DependsOnMethods" name="Apple" time="0.001"/>
  <system-out/>
  <testcase classname="groups.DependsOnMethods" name="Lemon" time="0.001"/>
  <system-out/>
  <testcase classname="groups.DependsOnMethods" name="Pomigranete" time="0.001"/>
  <system-out/>
</testsuite> <!-- groups.DependsOnMethods -->
