<?xml version="1.0" encoding="UTF-8"?>
<!-- Generated by org.testng.reporters.JUnitReportReporter -->
<testsuite hostname="Ram" failures="0" tests="3" name="testng.Priority" time="0.002" errors="0" timestamp="2022-09-13T22:35:37 IST" skipped="0">
  <testcase classname="testng.Priority" name="apple" time="0.000"/>
  <system-out/>
  <testcase classname="testng.Priority" name="Pomegranete" time="0.001"/>
  <system-out/>
  <testcase classname="testng.Priority" name="lemon" time="0.001"/>
  <system-out/>
</testsuite> <!-- testng.Priority -->
