<?xml version="1.0" encoding="UTF-8"?>
<!-- Generated by org.testng.reporters.JUnitReportReporter -->
<testsuite hostname="Ram" failures="0" tests="1" name="Priority" time="0.008" errors="0" timestamp="2022-09-13T21:15:57 IST" skipped="0">
  <testcase classname="Priority" name="Pomegranete" time="0.008"/>
  <system-out/>
</testsuite> <!-- Priority -->
