<?xml version="1.0" encoding="UTF-8"?>
<!-- Generated by org.testng.reporters.JUnitReportReporter -->
<testsuite hostname="Ram" failures="0" tests="2" name="testng.Annotations" time="0.004" errors="0" timestamp="2022-09-13T22:35:37 IST" skipped="0">
  <testcase classname="testng.Annotations" name="TestNGAnnotations" time="0.002"/>
  <system-out/>
  <testcase classname="testng.Annotations" name="secondMethod" time="0.002"/>
  <system-out/>
</testsuite> <!-- testng.Annotations -->
