<?xml version="1.0" encoding="UTF-8"?>
<!-- Generated by org.testng.reporters.JUnitReportReporter -->
<testsuite hostname="Ram" failures="0" tests="3" name="testng.AssertionsPriority" time="0.003" errors="0" timestamp="2022-09-13T22:35:37 IST" skipped="0">
  <testcase classname="testng.AssertionsPriority" name="apple" time="0.001"/>
  <system-out/>
  <testcase classname="testng.AssertionsPriority" name="lemon" time="0.001"/>
  <system-out/>
  <testcase classname="testng.AssertionsPriority" name="Pomigranete" time="0.001"/>
  <system-out/>
</testsuite> <!-- testng.AssertionsPriority -->
