<?xml version="1.0" encoding="UTF-8"?>
<!-- Generated by org.testng.reporters.JUnitReportReporter -->
<testsuite hostname="Ram" failures="0" tests="3" name="dataprovider.MultipleTestData" time="82.307" errors="0" timestamp="2022-09-13T23:44:50 IST" skipped="0">
  <testcase classname="dataprovider.MultipleTestData" name="loginTest" time="12.798"/>
  <system-out/>
  <testcase classname="dataprovider.MultipleTestData" name="loginTest" time="30.559"/>
  <system-out/>
  <testcase classname="dataprovider.MultipleTestData" name="loginTest" time="38.950"/>
  <system-out/>
</testsuite> <!-- dataprovider.MultipleTestData -->
