<?xml version="1.0" encoding="UTF-8"?>
<!-- Generated by org.testng.reporters.JUnitReportReporter -->
<testsuite hostname="Ram" failures="0" tests="1" name="windowHandling.HandleWindow" time="3.009" errors="0" timestamp="2022-09-14T12:07:08 IST" skipped="0">
  <testcase classname="windowHandling.HandleWindow" name="tabHandling" time="3.009"/>
  <system-out/>
</testsuite> <!-- windowHandling.HandleWindow -->
