<?xml version="1.0" encoding="UTF-8"?>
<!-- Generated by org.testng.reporters.JUnitReportReporter -->
<testsuite hostname="Ram" failures="0" tests="6" name="testng.InvocationCount" time="0.009" errors="0" timestamp="2022-09-13T22:35:37 IST" skipped="0">
  <testcase classname="testng.InvocationCount" name="Lemon" time="0.002"/>
  <system-out/>
  <testcase classname="testng.InvocationCount" name="Pomigranete" time="0.002"/>
  <system-out/>
  <testcase classname="testng.InvocationCount" name="Lemon" time="0.002"/>
  <system-out/>
  <testcase classname="testng.InvocationCount" name="Lemon" time="0.001"/>
  <system-out/>
  <testcase classname="testng.InvocationCount" name="Lemon" time="0.001"/>
  <system-out/>
  <testcase classname="testng.InvocationCount" name="Apple" time="0.001"/>
  <system-out/>
</testsuite> <!-- testng.InvocationCount -->
