<?xml version="1.0" encoding="UTF-8"?>
<!-- Generated by org.testng.reporters.JUnitReportReporter -->
<testsuite hostname="Ram" failures="0" tests="1" name="testng.InitBrowser" time="0.021" errors="0" timestamp="2022-09-13T22:51:45 IST" skipped="0">
  <testcase classname="testng.InitBrowser" name="verifyTitle" time="0.021"/>
  <system-out/>
</testsuite> <!-- testng.InitBrowser -->
