<?xml version="1.0" encoding="UTF-8"?>
<!-- Generated by org.testng.reporters.JUnitReportReporter -->
<testsuite hostname="Ram" failures="0" tests="3" name="testng.TimeOut" time="4.016" errors="0" timestamp="2022-09-13T22:35:37 IST" skipped="2">
  <testcase classname="testng.TimeOut" name="Pomigranete" time="4.016"/>
  <system-out/>
  <testcase classname="testng.TimeOut" name="Lemon">
    <skipped/>
  </testcase> <!-- Lemon -->
  <system-out/>
  <testcase classname="testng.TimeOut" name="Apple">
    <skipped/>
  </testcase> <!-- Apple -->
  <system-out/>
</testsuite> <!-- testng.TimeOut -->
