<?xml version="1.0" encoding="UTF-8"?>
<!-- Generated by org.testng.reporters.JUnitReportReporter -->
<testsuite hostname="Ram" failures="0" tests="3" name="testng.Enabled" time="0.007" errors="0" timestamp="2022-09-13T22:35:37 IST" skipped="2">
  <testcase classname="testng.Enabled" name="Pomigranete" time="0.007"/>
  <system-out/>
  <testcase classname="testng.Enabled" name="Lemon">
    <skipped/>
  </testcase> <!-- Lemon -->
  <system-out/>
  <testcase classname="testng.Enabled" name="Apple">
    <skipped/>
  </testcase> <!-- Apple -->
  <system-out/>
</testsuite> <!-- testng.Enabled -->
