<?xml version="1.0" encoding="UTF-8"?>
<!-- Generated by org.testng.reporters.JUnitReportReporter -->
<testsuite hostname="Ram" failures="0" tests="2" name="parallelTesting.parameter" time="0.030" errors="0" timestamp="2022-09-14T14:27:27 IST" skipped="0">
  <testcase classname="parallelTesting.parameter" name="verifyTitle" time="0.016"/>
  <system-out/>
  <testcase classname="parallelTesting.parameter" name="verifyTitle" time="0.014"/>
  <system-out/>
</testsuite> <!-- parallelTesting.parameter -->
