<?xml version="1.0" encoding="UTF-8"?>
<!-- Generated by org.testng.reporters.JUnitReportReporter -->
<testsuite hostname="Ram" failures="0" tests="1" name="testng.FirstTestClass" time="0.001" errors="0" timestamp="2022-09-13T22:35:37 IST" skipped="0">
  <testcase classname="testng.FirstTestClass" name="TestCase1" time="0.001"/>
  <system-out/>
</testsuite> <!-- testng.FirstTestClass -->
