<?xml version="1.0" encoding="UTF-8"?>
<!-- Generated by org.testng.reporters.JUnitReportReporter -->
<testsuite hostname="Ram" failures="0" tests="3" name="AssertionsPriority" time="0.009" errors="0" timestamp="2022-09-13T21:20:26 IST" skipped="0">
  <testcase classname="AssertionsPriority" name="apple" time="0.008"/>
  <system-out/>
  <testcase classname="AssertionsPriority" name="lemon" time="0.000"/>
  <system-out/>
  <testcase classname="AssertionsPriority" name="Pomigranete" time="0.001"/>
  <system-out/>
</testsuite> <!-- AssertionsPriority -->
