<?xml version="1.0" encoding="UTF-8"?>
<!-- Generated by org.testng.reporters.JUnitReportReporter -->
<testsuite hostname="Ram" failures="0" tests="1" name="FirstTestClass" time="0.008" errors="0" timestamp="2022-09-13T21:02:15 IST" skipped="0">
  <testcase classname="FirstTestClass" name="TestCase1" time="0.008"/>
  <system-out/>
</testsuite> <!-- FirstTestClass -->
