<?xml version="1.0" encoding="UTF-8"?>
<!-- Generated by org.testng.reporters.JUnitReportReporter -->
<testsuite hostname="Ram" failures="0" tests="1" name="groups.AssertionsPriority" time="0.020" errors="0" timestamp="2022-09-13T22:58:34 IST" skipped="0">
  <testcase classname="groups.AssertionsPriority" name="apple" time="0.020"/>
  <system-out/>
</testsuite> <!-- groups.AssertionsPriority -->
