<?xml version="1.0" encoding="UTF-8"?>
<!-- Generated by org.testng.reporters.JUnitReportReporter -->
<testsuite hostname="Ram" failures="0" tests="1" name="alertHandling.Accept" time="0.238" errors="0" timestamp="2022-09-14T11:45:46 IST" skipped="0">
  <testcase classname="alertHandling.Accept" name="nameAlert" time="0.238"/>
  <system-out/>
</testsuite> <!-- alertHandling.Accept -->
