<?xml version="1.0" encoding="UTF-8"?>
<!-- Generated by org.testng.reporters.JUnitReportReporter -->
<testsuite hostname="Ram" failures="0" tests="3" name="groups.Enabled" time="0.001" errors="0" timestamp="2022-09-13T22:56:42 IST" skipped="2">
  <testcase classname="groups.Enabled" name="Pomigranete" time="0.001"/>
  <system-out/>
  <testcase classname="groups.Enabled" name="Lemon">
    <skipped/>
  </testcase> <!-- Lemon -->
  <system-out/>
  <testcase classname="groups.Enabled" name="Apple">
    <skipped/>
  </testcase> <!-- Apple -->
  <system-out/>
</testsuite> <!-- groups.Enabled -->
