<?xml version="1.0" encoding="UTF-8"?>
<!-- Generated by org.testng.reporters.JUnitReportReporter -->
<testsuite hostname="Ram" failures="0" tests="2" name="Annotations" time="0.007" errors="0" timestamp="2022-09-13T21:10:43 IST" skipped="0">
  <testcase classname="Annotations" name="secondMethod" time="0.001"/>
  <system-out/>
  <testcase classname="Annotations" name="TestNGAnnotations" time="0.006"/>
  <system-out/>
</testsuite> <!-- Annotations -->
