<?xml version="1.0" encoding="UTF-8"?>
<!-- Generated by org.testng.reporters.JUnitReportReporter -->
<testsuite hostname="Ram" failures="0" tests="3" name="Enabled" time="0.011" errors="0" timestamp="2022-09-13T21:50:18 IST" skipped="2">
  <testcase classname="Enabled" name="Pomigranete" time="0.011"/>
  <system-out/>
  <testcase classname="Enabled" name="Lemon">
    <skipped/>
  </testcase> <!-- Lemon -->
  <system-out/>
  <testcase classname="Enabled" name="Apple">
    <skipped/>
  </testcase> <!-- Apple -->
  <system-out/>
</testsuite> <!-- Enabled -->
